<?xml version="1.0" encoding="UTF-8"?>
<testng-results skipped="0" failed="1" ignored="0" total="5" passed="4">
  <reporter-output>
  </reporter-output>
  <suite name="kaiser Automation Script" duration-ms="188019" started-at="2018-04-28T18:51:36Z" finished-at="2018-04-28T18:54:44Z">
    <groups>
    </groups>
    <test name="Kaiser SignIn" duration-ms="188019" started-at="2018-04-28T18:51:36Z" finished-at="2018-04-28T18:54:44Z">
      <class name="home.TestSearchOptions">
        <test-method status="PASS" signature="setUp(java.lang.String, java.lang.String)[pri:0, instance:home.TestSearchOptions@33f88ab]" name="setUp" is-config="true" duration-ms="12529" started-at="2018-04-28T18:53:37Z" finished-at="2018-04-28T18:53:50Z">
          <params>
            <param index="0">
              <value>
                <![CDATA[/Users/fatim/Web-Automation-TeamSeven/Generic/driver/chromedriver.exe]]>
              </value>
            </param>
            <param index="1">
              <value>
                <![CDATA[https://www.kaiserpermanente.org]]>
              </value>
            </param>
          </params>
          <reporter-output>
          </reporter-output>
        </test-method> <!-- setUp -->
        <test-method status="PASS" signature="search()[pri:0, instance:home.TestSearchOptions@33f88ab]" name="search" duration-ms="46777" started-at="2018-04-28T18:53:50Z" finished-at="2018-04-28T18:54:37Z">
          <reporter-output>
          </reporter-output>
        </test-method> <!-- search -->
        <test-method status="PASS" signature="afterMethod()[pri:0, instance:home.TestSearchOptions@33f88ab]" name="afterMethod" is-config="true" duration-ms="7681" started-at="2018-04-28T18:54:37Z" finished-at="2018-04-28T18:54:44Z">
          <reporter-output>
          </reporter-output>
        </test-method> <!-- afterMethod -->
      </class> <!-- home.TestSearchOptions -->
      <class name="authentication.TestPopUpWindow">
        <test-method status="PASS" signature="setUp(java.lang.String, java.lang.String)[pri:0, instance:authentication.TestPopUpWindow@4d41cee]" name="setUp" is-config="true" duration-ms="11826" started-at="2018-04-28T18:52:04Z" finished-at="2018-04-28T18:52:16Z">
          <params>
            <param index="0">
              <value>
                <![CDATA[/Users/fatim/Web-Automation-TeamSeven/Generic/driver/chromedriver.exe]]>
              </value>
            </param>
            <param index="1">
              <value>
                <![CDATA[https://www.kaiserpermanente.org]]>
              </value>
            </param>
          </params>
          <reporter-output>
          </reporter-output>
        </test-method> <!-- setUp -->
        <test-method status="PASS" signature="testPopUp()[pri:0, instance:authentication.TestPopUpWindow@4d41cee]" name="testPopUp" duration-ms="6112" started-at="2018-04-28T18:52:16Z" finished-at="2018-04-28T18:52:22Z">
          <reporter-output>
          </reporter-output>
        </test-method> <!-- testPopUp -->
        <test-method status="PASS" signature="afterMethod()[pri:0, instance:authentication.TestPopUpWindow@4d41cee]" name="afterMethod" is-config="true" duration-ms="7360" started-at="2018-04-28T18:52:22Z" finished-at="2018-04-28T18:52:30Z">
          <reporter-output>
          </reporter-output>
        </test-method> <!-- afterMethod -->
      </class> <!-- authentication.TestPopUpWindow -->
      <class name="authentication.TestAuthentication">
        <test-method status="PASS" signature="setUp(java.lang.String, java.lang.String)[pri:0, instance:authentication.TestAuthentication@17579e0f]" name="setUp" is-config="true" duration-ms="13472" started-at="2018-04-28T18:51:36Z" finished-at="2018-04-28T18:51:50Z">
          <params>
            <param index="0">
              <value>
                <![CDATA[/Users/fatim/Web-Automation-TeamSeven/Generic/driver/chromedriver.exe]]>
              </value>
            </param>
            <param index="1">
              <value>
                <![CDATA[https://www.kaiserpermanente.org]]>
              </value>
            </param>
          </params>
          <reporter-output>
          </reporter-output>
        </test-method> <!-- setUp -->
        <test-method status="FAIL" signature="signIn()[pri:0, instance:authentication.TestAuthentication@17579e0f]" name="signIn" duration-ms="5651" started-at="2018-04-28T18:51:50Z" finished-at="2018-04-28T18:51:55Z">
          <exception class="java.lang.AssertionError">
            <message>
              <![CDATA[expected [fatima] but found []]]>
            </message>
            <full-stacktrace>
              <![CDATA[java.lang.AssertionError: expected [fatima] but found []
at org.testng.Assert.fail(Assert.java:96)
at org.testng.Assert.failNotEquals(Assert.java:776)
at org.testng.Assert.assertEqualsImpl(Assert.java:137)
at org.testng.Assert.assertEquals(Assert.java:118)
at org.testng.Assert.assertEquals(Assert.java:453)
at org.testng.Assert.assertEquals(Assert.java:463)
at authentication.SignInPage.signInToKaiser(SignInPage.java:72)
at authentication.TestAuthentication.signIn(TestAuthentication.java:12)
at sun.reflect.NativeMethodAccessorImpl.invoke0(Native Method)
at sun.reflect.NativeMethodAccessorImpl.invoke(NativeMethodAccessorImpl.java:62)
at sun.reflect.DelegatingMethodAccessorImpl.invoke(DelegatingMethodAccessorImpl.java:43)
at java.lang.reflect.Method.invoke(Method.java:498)
at org.testng.internal.MethodInvocationHelper.invokeMethod(MethodInvocationHelper.java:124)
at org.testng.internal.Invoker.invokeMethod(Invoker.java:583)
at org.testng.internal.Invoker.invokeTestMethod(Invoker.java:719)
at org.testng.internal.Invoker.invokeTestMethods(Invoker.java:989)
at org.testng.internal.TestMethodWorker.invokeTestMethods(TestMethodWorker.java:125)
at org.testng.internal.TestMethodWorker.run(TestMethodWorker.java:109)
at org.testng.TestRunner.privateRun(TestRunner.java:648)
at org.testng.TestRunner.run(TestRunner.java:505)
at org.testng.SuiteRunner.runTest(SuiteRunner.java:455)
at org.testng.SuiteRunner.runSequentially(SuiteRunner.java:450)
at org.testng.SuiteRunner.privateRun(SuiteRunner.java:415)
at org.testng.SuiteRunner.run(SuiteRunner.java:364)
at org.testng.SuiteRunnerWorker.runSuite(SuiteRunnerWorker.java:52)
at org.testng.SuiteRunnerWorker.run(SuiteRunnerWorker.java:84)
at org.testng.TestNG.runSuitesSequentially(TestNG.java:1208)
at org.testng.TestNG.runSuitesLocally(TestNG.java:1137)
at org.testng.TestNG.runSuites(TestNG.java:1049)
at org.testng.TestNG.run(TestNG.java:1017)
at org.apache.maven.surefire.testng.TestNGExecutor.run(TestNGExecutor.java:283)
at org.apache.maven.surefire.testng.TestNGXmlTestSuite.execute(TestNGXmlTestSuite.java:75)
at org.apache.maven.surefire.testng.TestNGProvider.invoke(TestNGProvider.java:120)
at org.apache.maven.surefire.booter.ForkedBooter.invokeProviderInSameClassLoader(ForkedBooter.java:379)
at org.apache.maven.surefire.booter.ForkedBooter.runSuitesInProcess(ForkedBooter.java:340)
at org.apache.maven.surefire.booter.ForkedBooter.execute(ForkedBooter.java:125)
at org.apache.maven.surefire.booter.ForkedBooter.main(ForkedBooter.java:413)
]]>
            </full-stacktrace>
          </exception> <!-- java.lang.AssertionError -->
          <reporter-output>
          </reporter-output>
        </test-method> <!-- signIn -->
        <test-method status="PASS" signature="afterMethod()[pri:0, instance:authentication.TestAuthentication@17579e0f]" name="afterMethod" is-config="true" duration-ms="8817" started-at="2018-04-28T18:51:55Z" finished-at="2018-04-28T18:52:04Z">
          <reporter-output>
          </reporter-output>
        </test-method> <!-- afterMethod -->
      </class> <!-- authentication.TestAuthentication -->
      <class name="linktext.HandleLinkText">
        <test-method status="PASS" signature="setUp(java.lang.String, java.lang.String)[pri:0, instance:linktext.HandleLinkText@2833cc44]" name="setUp" is-config="true" duration-ms="11953" started-at="2018-04-28T18:52:59Z" finished-at="2018-04-28T18:53:11Z">
          <params>
            <param index="0">
              <value>
                <![CDATA[/Users/fatim/Web-Automation-TeamSeven/Generic/driver/chromedriver.exe]]>
              </value>
            </param>
            <param index="1">
              <value>
                <![CDATA[https://www.kaiserpermanente.org]]>
              </value>
            </param>
          </params>
          <reporter-output>
          </reporter-output>
        </test-method> <!-- setUp -->
        <test-method status="PASS" signature="linkText()[pri:0, instance:linktext.HandleLinkText@2833cc44]" name="linkText" duration-ms="17879" started-at="2018-04-28T18:53:11Z" finished-at="2018-04-28T18:53:29Z">
          <reporter-output>
          </reporter-output>
        </test-method> <!-- linkText -->
        <test-method status="PASS" signature="afterMethod()[pri:0, instance:linktext.HandleLinkText@2833cc44]" name="afterMethod" is-config="true" duration-ms="8244" started-at="2018-04-28T18:53:29Z" finished-at="2018-04-28T18:53:37Z">
          <reporter-output>
          </reporter-output>
        </test-method> <!-- afterMethod -->
      </class> <!-- linktext.HandleLinkText -->
      <class name="authentication.TestSignOut">
        <test-method status="PASS" signature="setUp(java.lang.String, java.lang.String)[pri:0, instance:authentication.TestSignOut@3712b94]" name="setUp" is-config="true" duration-ms="12097" started-at="2018-04-28T18:52:30Z" finished-at="2018-04-28T18:52:42Z">
          <params>
            <param index="0">
              <value>
                <![CDATA[/Users/fatim/Web-Automation-TeamSeven/Generic/driver/chromedriver.exe]]>
              </value>
            </param>
            <param index="1">
              <value>
                <![CDATA[https://www.kaiserpermanente.org]]>
              </value>
            </param>
          </params>
          <reporter-output>
          </reporter-output>
        </test-method> <!-- setUp -->
        <test-method status="PASS" signature="testPopUp()[pri:0, instance:authentication.TestSignOut@3712b94]" name="testPopUp" duration-ms="10197" started-at="2018-04-28T18:52:42Z" finished-at="2018-04-28T18:52:52Z">
          <reporter-output>
          </reporter-output>
        </test-method> <!-- testPopUp -->
        <test-method status="PASS" signature="afterMethod()[pri:0, instance:authentication.TestSignOut@3712b94]" name="afterMethod" is-config="true" duration-ms="7388" started-at="2018-04-28T18:52:52Z" finished-at="2018-04-28T18:52:59Z">
          <reporter-output>
          </reporter-output>
        </test-method> <!-- afterMethod -->
      </class> <!-- authentication.TestSignOut -->
    </test> <!-- Kaiser SignIn -->
  </suite> <!-- kaiser Automation Script -->
</testng-results>
