<?xml version="1.0" encoding="UTF-8"?>
<!-- Generated by org.testng.reporters.JUnitXMLReporter -->
<testsuite hostname="DESKTOP-H4MFR2P" ignored="0" name="Kaiser SignIn" tests="5" failures="1" timestamp="28 Apr 2018 18:54:44 GMT" time="188.019" errors="0">
  <testcase name="signIn" time="5.651" classname="authentication.TestAuthentication">
    <failure type="java.lang.AssertionError" message="expected [fatima] but found []">
      <![CDATA[java.lang.AssertionError: expected [fatima] but found []
at authentication.SignInPage.signInToKaiser(SignInPage.java:72)
at authentication.TestAuthentication.signIn(TestAuthentication.java:12)
... Removed 35 stack frames]]>
    </failure>
  </testcase> <!-- signIn -->
  <testcase name="testPopUp" time="6.112" classname="authentication.TestPopUpWindow"/>
  <testcase name="testPopUp" time="10.197" classname="authentication.TestSignOut"/>
  <testcase name="linkText" time="17.879" classname="linktext.HandleLinkText"/>
  <testcase name="search" time="46.777" classname="home.TestSearchOptions"/>
</testsuite> <!-- Kaiser SignIn -->
